<?xml version="1.0" encoding="UTF-8"?>
<testng-results skipped="0" failed="0" total="1" passed="1">
  <reporter-output>
  </reporter-output>
  <suite name="Default suite" duration-ms="8228" started-at="2017-02-23T16:34:22Z" finished-at="2017-02-23T16:34:30Z">
    <groups>
    </groups>
    <test name="Default test" duration-ms="8228" started-at="2017-02-23T16:34:22Z" finished-at="2017-02-23T16:34:30Z">
      <class name="com.Ranford.master.Exepom">
        <test-method status="PASS" signature="exelogin()[pri:0, instance:com.Ranford.master.Exepom@a9c6fd8]" name="exelogin" duration-ms="8179" started-at="2017-02-23T22:04:22Z" finished-at="2017-02-23T22:04:30Z">
          <reporter-output>
          </reporter-output>
        </test-method> <!-- exelogin -->
      </class> <!-- com.Ranford.master.Exepom -->
    </test> <!-- Default test -->
  </suite> <!-- Default suite -->
</testng-results>
